<?xml version="1.0" encoding="UTF-8"?>
<!-- Generated by org.testng.reporters.JUnitReportReporter -->
<testsuite hostname="WIN-36MMR195ABM" name="ICasesMaintainServiceTest" tests="1" failures="0" timestamp="3 Jul 2015 06:35:51 GMT" time="4.108" errors="0">
  <testcase name="testTestProjectMaintain" time="4.108" classname="ICasesMaintainServiceTest"/>
</testsuite> <!-- ICasesMaintainServiceTest -->
